<?xml version="1.0" encoding="UTF-8"?>
<!-- Generated by org.testng.reporters.JUnitXMLReporter -->
<testsuite hostname="EPRUPETW6152" name="Surefire test" tests="23" failures="0" timestamp="20 Jun 2019 08:40:45 GMT" time="63.427" errors="0">
  <testcase name="@BeforeTest createDriver" time="0.0" classname="hw2.TestForExercise1">
    <failure type="org.openqa.selenium.WebDriverException" message="unknown error: unable to discover open pages
  (Driver info: chromedriver=2.46.628402 (536cd7adbad73a3783fdc2cab92ab2ba7ec361e1),platform=Windows NT 6.3.9600 x86_64) (WARNING: The server did not provide any stacktrace information)
Command duration or timeout: 60.95 seconds
Build info: version: &amp;apos;3.141.59&amp;apos;, revision: &amp;apos;e82be7d358&amp;apos;, time: &amp;apos;2018-11-14T08:17:03&amp;apos;
System info: host: &amp;apos;EPRUPETW6152&amp;apos;, ip: &amp;apos;192.168.56.1&amp;apos;, os.name: &amp;apos;Windows 8.1&amp;apos;, os.arch: &amp;apos;amd64&amp;apos;, os.version: &amp;apos;6.3&amp;apos;, java.version: &amp;apos;1.8.0_71&amp;apos;
Driver info: driver.version: ChromeDriver">
      <![CDATA[org.openqa.selenium.WebDriverException: unknown error: unable to discover open pages
  (Driver info: chromedriver=2.46.628402 (536cd7adbad73a3783fdc2cab92ab2ba7ec361e1),platform=Windows NT 6.3.9600 x86_64) (WARNING: The server did not provide any stacktrace information)
Command duration or timeout: 60.95 seconds
Build info: version: '3.141.59', revision: 'e82be7d358', time: '2018-11-14T08:17:03'
System info: host: 'EPRUPETW6152', ip: '192.168.56.1', os.name: 'Windows 8.1', os.arch: 'amd64', os.version: '6.3', java.version: '1.8.0_71'
Driver info: driver.version: ChromeDriver
	at org.openqa.selenium.remote.ErrorHandler.createThrowable(ErrorHandler.java:214)
	at org.openqa.selenium.remote.ErrorHandler.throwIfResponseFailed(ErrorHandler.java:166)
	at org.openqa.selenium.remote.JsonWireProtocolResponse.lambda$errorHandler$0(JsonWireProtocolResponse.java:54)
	at org.openqa.selenium.remote.HandshakeResponse.lambda$getResponseFunction$0(HandshakeResponse.java:30)
	at org.openqa.selenium.remote.ProtocolHandshake.lambda$createSession$0(ProtocolHandshake.java:126)
	at java.util.stream.ReferencePipeline$3$1.accept(ReferencePipeline.java:193)
	at java.util.Spliterators$ArraySpliterator.tryAdvance(Spliterators.java:958)
	at java.util.stream.ReferencePipeline.forEachWithCancel(ReferencePipeline.java:126)
	at java.util.stream.AbstractPipeline.copyIntoWithCancel(AbstractPipeline.java:498)
	at java.util.stream.AbstractPipeline.copyInto(AbstractPipeline.java:485)
	at java.util.stream.AbstractPipeline.wrapAndCopyInto(AbstractPipeline.java:471)
	at java.util.stream.FindOps$FindOp.evaluateSequential(FindOps.java:152)
	at java.util.stream.AbstractPipeline.evaluate(AbstractPipeline.java:234)
	at java.util.stream.ReferencePipeline.findFirst(ReferencePipeline.java:464)
	at org.openqa.selenium.remote.ProtocolHandshake.createSession(ProtocolHandshake.java:128)
	at org.openqa.selenium.remote.ProtocolHandshake.createSession(ProtocolHandshake.java:74)
	at org.openqa.selenium.remote.HttpCommandExecutor.execute(HttpCommandExecutor.java:136)
	at org.openqa.selenium.remote.service.DriverCommandExecutor.execute(DriverCommandExecutor.java:83)
	at org.openqa.selenium.remote.RemoteWebDriver.execute(RemoteWebDriver.java:552)
	at org.openqa.selenium.remote.RemoteWebDriver.startSession(RemoteWebDriver.java:213)
	at org.openqa.selenium.remote.RemoteWebDriver.<init>(RemoteWebDriver.java:131)
	at org.openqa.selenium.chrome.ChromeDriver.<init>(ChromeDriver.java:181)
	at org.openqa.selenium.chrome.ChromeDriver.<init>(ChromeDriver.java:168)
	at org.openqa.selenium.chrome.ChromeDriver.<init>(ChromeDriver.java:123)
	at hw2.TestForExercise1.createDriver(TestForExercise1.java:44)
	at org.apache.maven.surefire.testng.TestNGExecutor.run(TestNGExecutor.java:135)
	at org.apache.maven.surefire.testng.TestNGDirectoryTestSuite.executeMulti(TestNGDirectoryTestSuite.java:193)
	at org.apache.maven.surefire.testng.TestNGDirectoryTestSuite.execute(TestNGDirectoryTestSuite.java:94)
	at org.apache.maven.surefire.testng.TestNGProvider.invoke(TestNGProvider.java:146)
	at org.apache.maven.surefire.booter.ForkedBooter.invokeProviderInSameClassLoader(ForkedBooter.java:384)
	at org.apache.maven.surefire.booter.ForkedBooter.runSuitesInProcess(ForkedBooter.java:345)
	at org.apache.maven.surefire.booter.ForkedBooter.execute(ForkedBooter.java:126)
	at org.apache.maven.surefire.booter.ForkedBooter.main(ForkedBooter.java:418)
... Removed 23 stack frames]]>
    </failure>
  </testcase> <!-- @BeforeTest createDriver -->
  <testcase name="@AfterTest destroyDriver" time="0.0" classname="hw2.TestForExercise1">
    <skipped/>
  </testcase> <!-- @AfterTest destroyDriver -->
  <testcase name="AddingDoubleVariablesReturnsCorrecrtResults" time="0.0" classname="hw1.TestAddingReturnsCorrectSum">
    <skipped/>
  </testcase> <!-- AddingDoubleVariablesReturnsCorrecrtResults -->
  <testcase name="AddingLongVariablesReturnsCorrectResult" time="0.0" classname="hw1.TestAddingReturnsCorrectSum">
    <skipped/>
  </testcase> <!-- AddingLongVariablesReturnsCorrectResult -->
  <testcase name="AddingTwoDoubleNegativesReturnsCorrectResult" time="0.0" classname="hw1.TestAddingReturnsCorrectSum">
    <skipped/>
  </testcase> <!-- AddingTwoDoubleNegativesReturnsCorrectResult -->
  <testcase name="AddingTwoLongNegativesReturnsCorrectResult" time="0.0" classname="hw1.TestAddingReturnsCorrectSum">
    <skipped/>
  </testcase> <!-- AddingTwoLongNegativesReturnsCorrectResult -->
  <testcase name="AddingZeroToADoubleValueDoesNotChangeTheSum" time="0.0" classname="hw1.TestAddingReturnsCorrectSum">
    <skipped/>
  </testcase> <!-- AddingZeroToADoubleValueDoesNotChangeTheSum -->
  <testcase name="AddingZeroToALongValueDoesNotChangeTheSum" time="0.0" classname="hw1.TestAddingReturnsCorrectSum">
    <skipped/>
  </testcase> <!-- AddingZeroToALongValueDoesNotChangeTheSum -->
  <testcase name="DivisionALongByZeroThrowsException" time="0.001" classname="hw1.TestDivisionReturnsCorrectResults">
    <skipped/>
  </testcase> <!-- DivisionALongByZeroThrowsException -->
  <testcase name="DivisionOfADoubleByUnityReturnsItself" time="0.0" classname="hw1.TestDivisionReturnsCorrectResults">
    <skipped/>
  </testcase> <!-- DivisionOfADoubleByUnityReturnsItself -->
  <testcase name="DivisionOfADoubleByZeroReturnsInfitnity" time="0.0" classname="hw1.TestDivisionReturnsCorrectResults">
    <skipped/>
  </testcase> <!-- DivisionOfADoubleByZeroReturnsInfitnity -->
  <testcase name="DivisionOfANongByUnityReturnsItself" time="0.0" classname="hw1.TestDivisionReturnsCorrectResults">
    <skipped/>
  </testcase> <!-- DivisionOfANongByUnityReturnsItself -->
  <testcase name="DivisionOfDoubleByDoubleReturnsCorrectResult" time="0.0" classname="hw1.TestDivisionReturnsCorrectResults">
    <skipped/>
  </testcase> <!-- DivisionOfDoubleByDoubleReturnsCorrectResult -->
  <testcase name="DivisionOfLongByLongReturnsCorrectResult" time="0.0" classname="hw1.TestDivisionReturnsCorrectResults">
    <skipped/>
  </testcase> <!-- DivisionOfLongByLongReturnsCorrectResult -->
  <testcase name="MultiplicationOfADoubleByZeroReturnsZero" time="0.0" classname="hw1.TestMultiplicationReturnsCorrectResults">
    <skipped/>
  </testcase> <!-- MultiplicationOfADoubleByZeroReturnsZero -->
  <testcase name="MultiplicationOfALongByZeroReturnsZero" time="0.0" classname="hw1.TestMultiplicationReturnsCorrectResults">
    <skipped/>
  </testcase> <!-- MultiplicationOfALongByZeroReturnsZero -->
  <testcase name="MultiplicationOfDoublesReturnsCorrectResult" time="0.0" classname="hw1.TestMultiplicationReturnsCorrectResults">
    <skipped/>
  </testcase> <!-- MultiplicationOfDoublesReturnsCorrectResult -->
  <testcase name="MultiplicationOfLongsReturnsCorrectResult" time="0.001" classname="hw1.TestMultiplicationReturnsCorrectResults">
    <skipped/>
  </testcase> <!-- MultiplicationOfLongsReturnsCorrectResult -->
  <testcase name="SubtractingDoubleNegativeMakesAPositive" time="0.001" classname="hw1.TestSubtractionReturnsCorrectResults">
    <skipped/>
  </testcase> <!-- SubtractingDoubleNegativeMakesAPositive -->
  <testcase name="SubtractingDoubleValuesReturnsCorrectResults" time="0.0" classname="hw1.TestSubtractionReturnsCorrectResults">
    <skipped/>
  </testcase> <!-- SubtractingDoubleValuesReturnsCorrectResults -->
  <testcase name="SubtractingLongNegativeMakesAPositive" time="0.0" classname="hw1.TestSubtractionReturnsCorrectResults">
    <skipped/>
  </testcase> <!-- SubtractingLongNegativeMakesAPositive -->
  <testcase name="SubtractingZeroFromADoubleValueDoesNotChangeResult" time="0.0" classname="hw1.TestSubtractionReturnsCorrectResults">
    <skipped/>
  </testcase> <!-- SubtractingZeroFromADoubleValueDoesNotChangeResult -->
  <testcase name="SubtractingZeroFromALongValueDoesNotChangeResult" time="0.0" classname="hw1.TestSubtractionReturnsCorrectResults">
    <skipped/>
  </testcase> <!-- SubtractingZeroFromALongValueDoesNotChangeResult -->
  <testcase name="SubtractionLongValuesReturnsCorrectResult" time="0.001" classname="hw1.TestSubtractionReturnsCorrectResults">
    <skipped/>
  </testcase> <!-- SubtractionLongValuesReturnsCorrectResult -->
  <testcase name="TestScenario1" time="0.0" classname="hw2.TestForExercise1">
    <skipped/>
  </testcase> <!-- TestScenario1 -->
</testsuite> <!-- Surefire test -->
