<html>
<head>
<title>TestNG:  Surefire test</title>
<link href="../testng.css" rel="stylesheet" type="text/css" />
<link href="../my-testng.css" rel="stylesheet" type="text/css" />

<style type="text/css">
.log { display: none;} 
.stack-trace { display: none;} 
</style>
<script type="text/javascript">
<!--
function flip(e) {
  current = e.style.display;
  if (current == 'block') {
    e.style.display = 'none';
    return 0;
  }
  else {
    e.style.display = 'block';
    return 1;
  }
}

function toggleBox(szDivId, elem, msg1, msg2)
{
  var res = -1;  if (document.getElementById) {
    res = flip(document.getElementById(szDivId));
  }
  else if (document.all) {
    // this is the way old msie versions work
    res = flip(document.all[szDivId]);
  }
  if(elem) {
    if(res == 0) elem.innerHTML = msg1; else elem.innerHTML = msg2;
  }

}

function toggleAllBoxes() {
  if (document.getElementsByTagName) {
    d = document.getElementsByTagName('div');
    for (i = 0; i < d.length; i++) {
      if (d[i].className == 'log') {
        flip(d[i]);
      }
    }
  }
}

// -->
</script>

</head>
<body>
<h2 align='center'>Surefire test</h2><table border='1' align="center">
<tr>
<td>Tests passed/Failed/Skipped:</td><td>0/0/23</td>
</tr><tr>
<td>Started on:</td><td>Tue Jun 18 23:43:23 MSK 2019</td>
</tr>
<tr><td>Total time:</td><td>1 seconds (1821 ms)</td>
</tr><tr>
<td>Included groups:</td><td></td>
</tr><tr>
<td>Excluded groups:</td><td></td>
</tr>
</table><p/>
<small><i>(Hover the method name to see the test class name)</i></small><p/>
<table width='100%' border='1' class='invocation-failed'>
<tr><td colspan='4' align='center'><b>FAILED CONFIGURATIONS</b></td></tr>
<tr><td><b>Test method</b></td>
<td width="30%"><b>Exception</b></td>
<td width="10%"><b>Time (seconds)</b></td>
<td><b>Instance</b></td>
</tr>
<tr>
<td title='hw2.TestForExercise1.createDriver()'><b>createDriver</b><br>Test class: hw2.TestForExercise1</td>
<td><div><pre>org.openqa.selenium.SessionNotCreatedException: session not created: This version of ChromeDriver only supports Chrome version 76
Build info: version: &apos;3.141.59&apos;, revision: &apos;e82be7d358&apos;, time: &apos;2018-11-14T08:17:03&apos;
System info: host: &apos;EPRUPETW6152&apos;, ip: &apos;192.168.56.1&apos;, os.name: &apos;Windows 8.1&apos;, os.arch: &apos;amd64&apos;, os.version: &apos;6.3&apos;, java.version: &apos;1.8.0_71&apos;
Driver info: driver.version: ChromeDriver
remote stacktrace: Backtrace:
	Ordinal0 [0x00C57B13+1473299]
	Ordinal0 [0x00BDAC61+961633]
	Ordinal0 [0x00B641A3+475555]
	Ordinal0 [0x00AFF365+62309]
	Ordinal0 [0x00AFBC77+48247]
	Ordinal0 [0x00B18FD9+167897]
	Ordinal0 [0x00B18BAD+166829]
	Ordinal0 [0x00B172BB+160443]
	Ordinal0 [0x00B00AE6+68326]
	Ordinal0 [0x00B01A80+72320]
	Ordinal0 [0x00B01A19+72217]
	Ordinal0 [0x00BF4A27+1067559]
	GetHandleVerifier [0x00CF66F5+506677]
	GetHandleVerifier [0x00CF6490+506064]
	GetHandleVerifier [0x00CFD038+533624]
	GetHandleVerifier [0x00CF6ECA+508682]
	Ordinal0 [0x00BEC116+1032470]
	Ordinal0 [0x00BEBF8F+1032079]
	Ordinal0 [0x00BF693B+1075515]
	Ordinal0 [0x00BF6AA3+1075875]
	Ordinal0 [0x00BF5A55+1071701]
	BaseThreadInitThunk [0x769E6A14+36]
	RtlInitializeExceptionChain [0x7707AD8F+143]
	RtlInitializeExceptionChain [0x7707AD5A+90]

	at org.openqa.selenium.remote.W3CHandshakeResponse.lambda$errorHandler$0(W3CHandshakeResponse.java:62)
	at org.openqa.selenium.remote.HandshakeResponse.lambda$getResponseFunction$0(HandshakeResponse.java:30)
	at org.openqa.selenium.remote.ProtocolHandshake.lambda$createSession$0(ProtocolHandshake.java:126)
	at java.util.stream.ReferencePipeline$3$1.accept(ReferencePipeline.java:193)
	at java.util.Spliterators$ArraySpliterator.tryAdvance(Spliterators.java:958)
	at java.util.stream.ReferencePipeline.forEachWithCancel(ReferencePipeline.java:126)
	at java.util.stream.AbstractPipeline.copyIntoWithCancel(AbstractPipeline.java:498)
	at java.util.stream.AbstractPipeline.copyInto(AbstractPipeline.java:485)
	at java.util.stream.AbstractPipeline.wrapAndCopyInto(AbstractPipeline.java:471)
	at java.util.stream.FindOps$FindOp.evaluateSequential(FindOps.java:152)
	at java.util.stream.AbstractPipeline.evaluate(AbstractPipeline.java:234)
	at java.util.stream.ReferencePipeline.findFirst(ReferencePipeline.java:464)
	at org.openqa.selenium.remote.ProtocolHandshake.createSession(ProtocolHandshake.java:128)
	at org.openqa.selenium.remote.ProtocolHandshake.createSession(ProtocolHandshake.java:74)
	at org.openqa.selenium.remote.HttpCommandExecutor.execute(HttpCommandExecutor.java:136)
	at org.openqa.selenium.remote.service.DriverCommandExecutor.execute(DriverCommandExecutor.java:83)
	at org.openqa.selenium.remote.RemoteWebDriver.execute(RemoteWebDriver.java:552)
	at org.openqa.selenium.remote.RemoteWebDriver.startSession(RemoteWebDriver.java:213)
	at org.openqa.selenium.remote.RemoteWebDriver.&lt;init&gt;(RemoteWebDriver.java:131)
	at org.openqa.selenium.chrome.ChromeDriver.&lt;init&gt;(ChromeDriver.java:181)
	at org.openqa.selenium.chrome.ChromeDriver.&lt;init&gt;(ChromeDriver.java:168)
	at org.openqa.selenium.chrome.ChromeDriver.&lt;init&gt;(ChromeDriver.java:123)
	at hw2.TestForExercise1.createDriver(TestForExercise1.java:17)
	at org.apache.maven.surefire.testng.TestNGExecutor.run(TestNGExecutor.java:135)
	at org.apache.maven.surefire.testng.TestNGDirectoryTestSuite.executeMulti(TestNGDirectoryTestSuite.java:193)
	at org.apache.maven.surefire.testng.TestNGDirectoryTestSuite.execute(TestNGDirectoryTestSuite.java:94)
	at org.apache.maven.surefire.testng.TestNGProvider.invoke(TestNGProvider.java:146)
	at org.apache.maven.surefire.booter.ForkedBooter.invokeProviderInSameClassLoader(ForkedBooter.java:384)
	at org.apache.maven.surefire.booter.ForkedBooter.runSuitesInProcess(ForkedBooter.java:345)
	at org.apache.maven.surefire.booter.ForkedBooter.execute(ForkedBooter.java:126)
	at org.apache.maven.surefire.booter.ForkedBooter.main(ForkedBooter.java:418)
... Removed 23 stack frames</pre></div><a href='#' onClick='toggleBox("stack-trace1107217291", this, "Click to show all stack frames", "Click to hide stack frames")'>Click to show all stack frames</a>
<div class='stack-trace' id='stack-trace1107217291'><pre>org.openqa.selenium.SessionNotCreatedException: session not created: This version of ChromeDriver only supports Chrome version 76
Build info: version: &apos;3.141.59&apos;, revision: &apos;e82be7d358&apos;, time: &apos;2018-11-14T08:17:03&apos;
System info: host: &apos;EPRUPETW6152&apos;, ip: &apos;192.168.56.1&apos;, os.name: &apos;Windows 8.1&apos;, os.arch: &apos;amd64&apos;, os.version: &apos;6.3&apos;, java.version: &apos;1.8.0_71&apos;
Driver info: driver.version: ChromeDriver
remote stacktrace: Backtrace:
	Ordinal0 [0x00C57B13+1473299]
	Ordinal0 [0x00BDAC61+961633]
	Ordinal0 [0x00B641A3+475555]
	Ordinal0 [0x00AFF365+62309]
	Ordinal0 [0x00AFBC77+48247]
	Ordinal0 [0x00B18FD9+167897]
	Ordinal0 [0x00B18BAD+166829]
	Ordinal0 [0x00B172BB+160443]
	Ordinal0 [0x00B00AE6+68326]
	Ordinal0 [0x00B01A80+72320]
	Ordinal0 [0x00B01A19+72217]
	Ordinal0 [0x00BF4A27+1067559]
	GetHandleVerifier [0x00CF66F5+506677]
	GetHandleVerifier [0x00CF6490+506064]
	GetHandleVerifier [0x00CFD038+533624]
	GetHandleVerifier [0x00CF6ECA+508682]
	Ordinal0 [0x00BEC116+1032470]
	Ordinal0 [0x00BEBF8F+1032079]
	Ordinal0 [0x00BF693B+1075515]
	Ordinal0 [0x00BF6AA3+1075875]
	Ordinal0 [0x00BF5A55+1071701]
	BaseThreadInitThunk [0x769E6A14+36]
	RtlInitializeExceptionChain [0x7707AD8F+143]
	RtlInitializeExceptionChain [0x7707AD5A+90]

	at sun.reflect.NativeConstructorAccessorImpl.newInstance0(Native Method)
	at sun.reflect.NativeConstructorAccessorImpl.newInstance(NativeConstructorAccessorImpl.java:62)
	at sun.reflect.DelegatingConstructorAccessorImpl.newInstance(DelegatingConstructorAccessorImpl.java:45)
	at java.lang.reflect.Constructor.newInstance(Constructor.java:422)
	at org.openqa.selenium.remote.W3CHandshakeResponse.lambda$errorHandler$0(W3CHandshakeResponse.java:62)
	at org.openqa.selenium.remote.HandshakeResponse.lambda$getResponseFunction$0(HandshakeResponse.java:30)
	at org.openqa.selenium.remote.ProtocolHandshake.lambda$createSession$0(ProtocolHandshake.java:126)
	at java.util.stream.ReferencePipeline$3$1.accept(ReferencePipeline.java:193)
	at java.util.Spliterators$ArraySpliterator.tryAdvance(Spliterators.java:958)
	at java.util.stream.ReferencePipeline.forEachWithCancel(ReferencePipeline.java:126)
	at java.util.stream.AbstractPipeline.copyIntoWithCancel(AbstractPipeline.java:498)
	at java.util.stream.AbstractPipeline.copyInto(AbstractPipeline.java:485)
	at java.util.stream.AbstractPipeline.wrapAndCopyInto(AbstractPipeline.java:471)
	at java.util.stream.FindOps$FindOp.evaluateSequential(FindOps.java:152)
	at java.util.stream.AbstractPipeline.evaluate(AbstractPipeline.java:234)
	at java.util.stream.ReferencePipeline.findFirst(ReferencePipeline.java:464)
	at org.openqa.selenium.remote.ProtocolHandshake.createSession(ProtocolHandshake.java:128)
	at org.openqa.selenium.remote.ProtocolHandshake.createSession(ProtocolHandshake.java:74)
	at org.openqa.selenium.remote.HttpCommandExecutor.execute(HttpCommandExecutor.java:136)
	at org.openqa.selenium.remote.service.DriverCommandExecutor.execute(DriverCommandExecutor.java:83)
	at org.openqa.selenium.remote.RemoteWebDriver.execute(RemoteWebDriver.java:552)
	at org.openqa.selenium.remote.RemoteWebDriver.startSession(RemoteWebDriver.java:213)
	at org.openqa.selenium.remote.RemoteWebDriver.&lt;init&gt;(RemoteWebDriver.java:131)
	at org.openqa.selenium.chrome.ChromeDriver.&lt;init&gt;(ChromeDriver.java:181)
	at org.openqa.selenium.chrome.ChromeDriver.&lt;init&gt;(ChromeDriver.java:168)
	at org.openqa.selenium.chrome.ChromeDriver.&lt;init&gt;(ChromeDriver.java:123)
	at hw2.TestForExercise1.createDriver(TestForExercise1.java:17)
	at sun.reflect.NativeMethodAccessorImpl.invoke0(Native Method)
	at sun.reflect.NativeMethodAccessorImpl.invoke(NativeMethodAccessorImpl.java:62)
	at sun.reflect.DelegatingMethodAccessorImpl.invoke(DelegatingMethodAccessorImpl.java:43)
	at java.lang.reflect.Method.invoke(Method.java:497)
	at org.testng.internal.MethodInvocationHelper.invokeMethod(MethodInvocationHelper.java:80)
	at org.testng.internal.Invoker.invokeConfigurationMethod(Invoker.java:564)
	at org.testng.internal.Invoker.invokeConfigurations(Invoker.java:213)
	at org.testng.internal.Invoker.invokeConfigurations(Invoker.java:138)
	at org.testng.TestRunner.beforeRun(TestRunner.java:641)
	at org.testng.TestRunner.run(TestRunner.java:609)
	at org.testng.SuiteRunner.runTest(SuiteRunner.java:334)
	at org.testng.SuiteRunner.runSequentially(SuiteRunner.java:329)
	at org.testng.SuiteRunner.privateRun(SuiteRunner.java:291)
	at org.testng.SuiteRunner.run(SuiteRunner.java:240)
	at org.testng.SuiteRunnerWorker.runSuite(SuiteRunnerWorker.java:52)
	at org.testng.SuiteRunnerWorker.run(SuiteRunnerWorker.java:86)
	at org.testng.TestNG.runSuitesSequentially(TestNG.java:1198)
	at org.testng.TestNG.runSuitesLocally(TestNG.java:1123)
	at org.testng.TestNG.run(TestNG.java:1031)
	at org.apache.maven.surefire.testng.TestNGExecutor.run(TestNGExecutor.java:135)
	at org.apache.maven.surefire.testng.TestNGDirectoryTestSuite.executeMulti(TestNGDirectoryTestSuite.java:193)
	at org.apache.maven.surefire.testng.TestNGDirectoryTestSuite.execute(TestNGDirectoryTestSuite.java:94)
	at org.apache.maven.surefire.testng.TestNGProvider.invoke(TestNGProvider.java:146)
	at org.apache.maven.surefire.booter.ForkedBooter.invokeProviderInSameClassLoader(ForkedBooter.java:384)
	at org.apache.maven.surefire.booter.ForkedBooter.runSuitesInProcess(ForkedBooter.java:345)
	at org.apache.maven.surefire.booter.ForkedBooter.execute(ForkedBooter.java:126)
	at org.apache.maven.surefire.booter.ForkedBooter.main(ForkedBooter.java:418)
</pre></div></td>
<td>0</td>
<td>null</td></tr>
</table><p>
<table width='100%' border='1' class='invocation-skipped'>
<tr><td colspan='4' align='center'><b>SKIPPED CONFIGURATIONS</b></td></tr>
<tr><td><b>Test method</b></td>
<td width="30%"><b>Exception</b></td>
<td width="10%"><b>Time (seconds)</b></td>
<td><b>Instance</b></td>
</tr>
<tr>
<td title='hw2.TestForExercise1.destroyDriver()'><b>destroyDriver</b><br>Test class: hw2.TestForExercise1</td>
<td></td>
<td>0</td>
<td>null</td></tr>
</table><p>
<table width='100%' border='1' class='invocation-skipped'>
<tr><td colspan='4' align='center'><b>SKIPPED TESTS</b></td></tr>
<tr><td><b>Test method</b></td>
<td width="30%"><b>Exception</b></td>
<td width="10%"><b>Time (seconds)</b></td>
<td><b>Instance</b></td>
</tr>
<tr>
<td title='hw1.TestAddingReturnsCorrectSum.AddingDoubleVariablesReturnsCorrecrtResults()'><b>AddingDoubleVariablesReturnsCorrecrtResults</b><br>Test class: hw1.TestAddingReturnsCorrectSum</td>
<td></td>
<td>0</td>
<td>hw1.TestAddingReturnsCorrectSum@90f6bfd</td></tr>
<tr>
<td title='hw1.TestAddingReturnsCorrectSum.AddingLongVariablesReturnsCorrectResult()'><b>AddingLongVariablesReturnsCorrectResult</b><br>Test class: hw1.TestAddingReturnsCorrectSum</td>
<td></td>
<td>0</td>
<td>hw1.TestAddingReturnsCorrectSum@90f6bfd</td></tr>
<tr>
<td title='hw1.TestAddingReturnsCorrectSum.AddingTwoDoubleNegativesReturnsCorrectResult()'><b>AddingTwoDoubleNegativesReturnsCorrectResult</b><br>Test class: hw1.TestAddingReturnsCorrectSum</td>
<td></td>
<td>0</td>
<td>hw1.TestAddingReturnsCorrectSum@90f6bfd</td></tr>
<tr>
<td title='hw1.TestAddingReturnsCorrectSum.AddingTwoLongNegativesReturnsCorrectResult()'><b>AddingTwoLongNegativesReturnsCorrectResult</b><br>Test class: hw1.TestAddingReturnsCorrectSum</td>
<td></td>
<td>0</td>
<td>hw1.TestAddingReturnsCorrectSum@90f6bfd</td></tr>
<tr>
<td title='hw1.TestAddingReturnsCorrectSum.AddingZeroToADoubleValueDoesNotChangeTheSum()'><b>AddingZeroToADoubleValueDoesNotChangeTheSum</b><br>Test class: hw1.TestAddingReturnsCorrectSum</td>
<td></td>
<td>0</td>
<td>hw1.TestAddingReturnsCorrectSum@90f6bfd</td></tr>
<tr>
<td title='hw1.TestAddingReturnsCorrectSum.AddingZeroToALongValueDoesNotChangeTheSum()'><b>AddingZeroToALongValueDoesNotChangeTheSum</b><br>Test class: hw1.TestAddingReturnsCorrectSum</td>
<td></td>
<td>0</td>
<td>hw1.TestAddingReturnsCorrectSum@90f6bfd</td></tr>
<tr>
<td title='hw1.TestDivisionReturnsCorrectResults.DivisionALongByZeroThrowsException()'><b>DivisionALongByZeroThrowsException</b><br>Test class: hw1.TestDivisionReturnsCorrectResults</td>
<td></td>
<td>0</td>
<td>hw1.TestDivisionReturnsCorrectResults@4157f54e</td></tr>
<tr>
<td title='hw1.TestDivisionReturnsCorrectResults.DivisionOfADoubleByUnityReturnsItself()'><b>DivisionOfADoubleByUnityReturnsItself</b><br>Test class: hw1.TestDivisionReturnsCorrectResults</td>
<td></td>
<td>0</td>
<td>hw1.TestDivisionReturnsCorrectResults@4157f54e</td></tr>
<tr>
<td title='hw1.TestDivisionReturnsCorrectResults.DivisionOfADoubleByZeroReturnsInfitnity()'><b>DivisionOfADoubleByZeroReturnsInfitnity</b><br>Test class: hw1.TestDivisionReturnsCorrectResults</td>
<td></td>
<td>0</td>
<td>hw1.TestDivisionReturnsCorrectResults@4157f54e</td></tr>
<tr>
<td title='hw1.TestDivisionReturnsCorrectResults.DivisionOfANongByUnityReturnsItself()'><b>DivisionOfANongByUnityReturnsItself</b><br>Test class: hw1.TestDivisionReturnsCorrectResults</td>
<td></td>
<td>0</td>
<td>hw1.TestDivisionReturnsCorrectResults@4157f54e</td></tr>
<tr>
<td title='hw1.TestDivisionReturnsCorrectResults.DivisionOfDoubleByDoubleReturnsCorrectResult()'><b>DivisionOfDoubleByDoubleReturnsCorrectResult</b><br>Test class: hw1.TestDivisionReturnsCorrectResults</td>
<td></td>
<td>0</td>
<td>hw1.TestDivisionReturnsCorrectResults@4157f54e</td></tr>
<tr>
<td title='hw1.TestDivisionReturnsCorrectResults.DivisionOfLongByLongReturnsCorrectResult()'><b>DivisionOfLongByLongReturnsCorrectResult</b><br>Test class: hw1.TestDivisionReturnsCorrectResults</td>
<td></td>
<td>0</td>
<td>hw1.TestDivisionReturnsCorrectResults@4157f54e</td></tr>
<tr>
<td title='hw1.TestMultiplicationReturnsCorrectResults.MultiplicationOfADoubleByZeroReturnsZero()'><b>MultiplicationOfADoubleByZeroReturnsZero</b><br>Test class: hw1.TestMultiplicationReturnsCorrectResults</td>
<td></td>
<td>0</td>
<td>hw1.TestMultiplicationReturnsCorrectResults@15975490</td></tr>
<tr>
<td title='hw1.TestMultiplicationReturnsCorrectResults.MultiplicationOfALongByZeroReturnsZero()'><b>MultiplicationOfALongByZeroReturnsZero</b><br>Test class: hw1.TestMultiplicationReturnsCorrectResults</td>
<td></td>
<td>0</td>
<td>hw1.TestMultiplicationReturnsCorrectResults@15975490</td></tr>
<tr>
<td title='hw1.TestMultiplicationReturnsCorrectResults.MultiplicationOfDoublesReturnsCorrectResult()'><b>MultiplicationOfDoublesReturnsCorrectResult</b><br>Test class: hw1.TestMultiplicationReturnsCorrectResults</td>
<td></td>
<td>0</td>
<td>hw1.TestMultiplicationReturnsCorrectResults@15975490</td></tr>
<tr>
<td title='hw1.TestMultiplicationReturnsCorrectResults.MultiplicationOfLongsReturnsCorrectResult()'><b>MultiplicationOfLongsReturnsCorrectResult</b><br>Test class: hw1.TestMultiplicationReturnsCorrectResults</td>
<td></td>
<td>0</td>
<td>hw1.TestMultiplicationReturnsCorrectResults@15975490</td></tr>
<tr>
<td title='hw1.TestSubtractionReturnsCorrectResults.SubtractingDoubleNegativeMakesAPositive()'><b>SubtractingDoubleNegativeMakesAPositive</b><br>Test class: hw1.TestSubtractionReturnsCorrectResults</td>
<td></td>
<td>0</td>
<td>hw1.TestSubtractionReturnsCorrectResults@783e6358</td></tr>
<tr>
<td title='hw1.TestSubtractionReturnsCorrectResults.SubtractingDoubleValuesReturnsCorrectResults()'><b>SubtractingDoubleValuesReturnsCorrectResults</b><br>Test class: hw1.TestSubtractionReturnsCorrectResults</td>
<td></td>
<td>0</td>
<td>hw1.TestSubtractionReturnsCorrectResults@783e6358</td></tr>
<tr>
<td title='hw1.TestSubtractionReturnsCorrectResults.SubtractingLongNegativeMakesAPositive()'><b>SubtractingLongNegativeMakesAPositive</b><br>Test class: hw1.TestSubtractionReturnsCorrectResults</td>
<td></td>
<td>0</td>
<td>hw1.TestSubtractionReturnsCorrectResults@783e6358</td></tr>
<tr>
<td title='hw1.TestSubtractionReturnsCorrectResults.SubtractingZeroFromADoubleValueDoesNotChangeResult()'><b>SubtractingZeroFromADoubleValueDoesNotChangeResult</b><br>Test class: hw1.TestSubtractionReturnsCorrectResults</td>
<td></td>
<td>0</td>
<td>hw1.TestSubtractionReturnsCorrectResults@783e6358</td></tr>
<tr>
<td title='hw1.TestSubtractionReturnsCorrectResults.SubtractingZeroFromALongValueDoesNotChangeResult()'><b>SubtractingZeroFromALongValueDoesNotChangeResult</b><br>Test class: hw1.TestSubtractionReturnsCorrectResults</td>
<td></td>
<td>0</td>
<td>hw1.TestSubtractionReturnsCorrectResults@783e6358</td></tr>
<tr>
<td title='hw1.TestSubtractionReturnsCorrectResults.SubtractionLongValuesReturnsCorrectResult()'><b>SubtractionLongValuesReturnsCorrectResult</b><br>Test class: hw1.TestSubtractionReturnsCorrectResults</td>
<td></td>
<td>0</td>
<td>hw1.TestSubtractionReturnsCorrectResults@783e6358</td></tr>
<tr>
<td title='hw2.TestForExercise1.TestScenario1()'><b>TestScenario1</b><br>Test class: hw2.TestForExercise1</td>
<td></td>
<td>0</td>
<td>hw2.TestForExercise1@47f6473</td></tr>
</table><p>
</body>
</html>