<?xml version="1.0" encoding="UTF-8"?>
<testsuite xmlns:xsi="http://www.w3.org/2001/XMLSchema-instance" xsi:noNamespaceSchemaLocation="https://maven.apache.org/surefire/maven-surefire-plugin/xsd/surefire-test-report.xsd" name="TestSuite" time="2.312" tests="25" errors="0" skipped="24" failures="1">
  <properties>
    <property name="sun.desktop" value="windows"/>
    <property name="awt.toolkit" value="sun.awt.windows.WToolkit"/>
    <property name="file.encoding.pkg" value="sun.io"/>
    <property name="java.specification.version" value="1.8"/>
    <property name="sun.cpu.isalist" value="amd64"/>
    <property name="sun.jnu.encoding" value="Cp1251"/>
    <property name="java.class.path" value="C:\GIT\RRalys\RichardasRalis\target\test-classes;C:\GIT\RRalys\RichardasRalis\target\classes;C:\Users\richardas_ralis\.m2\repository\com\epam\tat\module4\calculator\1.0\calculator-1.0.jar;C:\Users\richardas_ralis\.m2\repository\org\testng\testng\6.8\testng-6.8.jar;C:\Users\richardas_ralis\.m2\repository\junit\junit\4.10\junit-4.10.jar;C:\Users\richardas_ralis\.m2\repository\org\hamcrest\hamcrest-core\1.1\hamcrest-core-1.1.jar;C:\Users\richardas_ralis\.m2\repository\org\beanshell\bsh\2.0b4\bsh-2.0b4.jar;C:\Users\richardas_ralis\.m2\repository\com\beust\jcommander\1.27\jcommander-1.27.jar;C:\Users\richardas_ralis\.m2\repository\org\yaml\snakeyaml\1.6\snakeyaml-1.6.jar;C:\Users\richardas_ralis\.m2\repository\org\seleniumhq\selenium\selenium-java\3.141.59\selenium-java-3.141.59.jar;C:\Users\richardas_ralis\.m2\repository\org\seleniumhq\selenium\selenium-api\3.141.59\selenium-api-3.141.59.jar;C:\Users\richardas_ralis\.m2\repository\org\seleniumhq\selenium\selenium-chrome-driver\3.141.59\selenium-chrome-driver-3.141.59.jar;C:\Users\richardas_ralis\.m2\repository\org\seleniumhq\selenium\selenium-edge-driver\3.141.59\selenium-edge-driver-3.141.59.jar;C:\Users\richardas_ralis\.m2\repository\org\seleniumhq\selenium\selenium-firefox-driver\3.141.59\selenium-firefox-driver-3.141.59.jar;C:\Users\richardas_ralis\.m2\repository\org\seleniumhq\selenium\selenium-ie-driver\3.141.59\selenium-ie-driver-3.141.59.jar;C:\Users\richardas_ralis\.m2\repository\org\seleniumhq\selenium\selenium-opera-driver\3.141.59\selenium-opera-driver-3.141.59.jar;C:\Users\richardas_ralis\.m2\repository\org\seleniumhq\selenium\selenium-remote-driver\3.141.59\selenium-remote-driver-3.141.59.jar;C:\Users\richardas_ralis\.m2\repository\org\seleniumhq\selenium\selenium-safari-driver\3.141.59\selenium-safari-driver-3.141.59.jar;C:\Users\richardas_ralis\.m2\repository\org\seleniumhq\selenium\selenium-support\3.141.59\selenium-support-3.141.59.jar;C:\Users\richardas_ralis\.m2\repository\net\bytebuddy\byte-buddy\1.8.15\byte-buddy-1.8.15.jar;C:\Users\richardas_ralis\.m2\repository\org\apache\commons\commons-exec\1.3\commons-exec-1.3.jar;C:\Users\richardas_ralis\.m2\repository\com\google\guava\guava\25.0-jre\guava-25.0-jre.jar;C:\Users\richardas_ralis\.m2\repository\com\google\code\findbugs\jsr305\1.3.9\jsr305-1.3.9.jar;C:\Users\richardas_ralis\.m2\repository\org\checkerframework\checker-compat-qual\2.0.0\checker-compat-qual-2.0.0.jar;C:\Users\richardas_ralis\.m2\repository\com\google\errorprone\error_prone_annotations\2.1.3\error_prone_annotations-2.1.3.jar;C:\Users\richardas_ralis\.m2\repository\com\google\j2objc\j2objc-annotations\1.1\j2objc-annotations-1.1.jar;C:\Users\richardas_ralis\.m2\repository\org\codehaus\mojo\animal-sniffer-annotations\1.14\animal-sniffer-annotations-1.14.jar;C:\Users\richardas_ralis\.m2\repository\com\squareup\okhttp3\okhttp\3.11.0\okhttp-3.11.0.jar;C:\Users\richardas_ralis\.m2\repository\com\squareup\okio\okio\1.14.0\okio-1.14.0.jar;"/>
    <property name="java.vm.vendor" value="Oracle Corporation"/>
    <property name="sun.arch.data.model" value="64"/>
    <property name="user.variant" value=""/>
    <property name="java.vendor.url" value="http://java.oracle.com/"/>
    <property name="user.timezone" value="Europe/Minsk"/>
    <property name="java.vm.specification.version" value="1.8"/>
    <property name="os.name" value="Windows 8.1"/>
    <property name="user.country" value="US"/>
    <property name="sun.java.launcher" value="SUN_STANDARD"/>
    <property name="sun.boot.library.path" value="C:\Program Files\Java\jdk1.8.0_71\jre\bin"/>
    <property name="sun.java.command" value="C:\Users\RICHAR~1\AppData\Local\Temp\surefire9010585303504940120\surefirebooter4376735949585358378.jar C:\Users\richardas_ralis\AppData\Local\Temp\surefire9010585303504940120 2019-06-18T23-43-22_578-jvmRun1 surefire6985158880147084581tmp surefire_02645935049992532977tmp"/>
    <property name="surefire.test.class.path" value="C:\GIT\RRalys\RichardasRalis\target\test-classes;C:\GIT\RRalys\RichardasRalis\target\classes;C:\Users\richardas_ralis\.m2\repository\com\epam\tat\module4\calculator\1.0\calculator-1.0.jar;C:\Users\richardas_ralis\.m2\repository\org\testng\testng\6.8\testng-6.8.jar;C:\Users\richardas_ralis\.m2\repository\junit\junit\4.10\junit-4.10.jar;C:\Users\richardas_ralis\.m2\repository\org\hamcrest\hamcrest-core\1.1\hamcrest-core-1.1.jar;C:\Users\richardas_ralis\.m2\repository\org\beanshell\bsh\2.0b4\bsh-2.0b4.jar;C:\Users\richardas_ralis\.m2\repository\com\beust\jcommander\1.27\jcommander-1.27.jar;C:\Users\richardas_ralis\.m2\repository\org\yaml\snakeyaml\1.6\snakeyaml-1.6.jar;C:\Users\richardas_ralis\.m2\repository\org\seleniumhq\selenium\selenium-java\3.141.59\selenium-java-3.141.59.jar;C:\Users\richardas_ralis\.m2\repository\org\seleniumhq\selenium\selenium-api\3.141.59\selenium-api-3.141.59.jar;C:\Users\richardas_ralis\.m2\repository\org\seleniumhq\selenium\selenium-chrome-driver\3.141.59\selenium-chrome-driver-3.141.59.jar;C:\Users\richardas_ralis\.m2\repository\org\seleniumhq\selenium\selenium-edge-driver\3.141.59\selenium-edge-driver-3.141.59.jar;C:\Users\richardas_ralis\.m2\repository\org\seleniumhq\selenium\selenium-firefox-driver\3.141.59\selenium-firefox-driver-3.141.59.jar;C:\Users\richardas_ralis\.m2\repository\org\seleniumhq\selenium\selenium-ie-driver\3.141.59\selenium-ie-driver-3.141.59.jar;C:\Users\richardas_ralis\.m2\repository\org\seleniumhq\selenium\selenium-opera-driver\3.141.59\selenium-opera-driver-3.141.59.jar;C:\Users\richardas_ralis\.m2\repository\org\seleniumhq\selenium\selenium-remote-driver\3.141.59\selenium-remote-driver-3.141.59.jar;C:\Users\richardas_ralis\.m2\repository\org\seleniumhq\selenium\selenium-safari-driver\3.141.59\selenium-safari-driver-3.141.59.jar;C:\Users\richardas_ralis\.m2\repository\org\seleniumhq\selenium\selenium-support\3.141.59\selenium-support-3.141.59.jar;C:\Users\richardas_ralis\.m2\repository\net\bytebuddy\byte-buddy\1.8.15\byte-buddy-1.8.15.jar;C:\Users\richardas_ralis\.m2\repository\org\apache\commons\commons-exec\1.3\commons-exec-1.3.jar;C:\Users\richardas_ralis\.m2\repository\com\google\guava\guava\25.0-jre\guava-25.0-jre.jar;C:\Users\richardas_ralis\.m2\repository\com\google\code\findbugs\jsr305\1.3.9\jsr305-1.3.9.jar;C:\Users\richardas_ralis\.m2\repository\org\checkerframework\checker-compat-qual\2.0.0\checker-compat-qual-2.0.0.jar;C:\Users\richardas_ralis\.m2\repository\com\google\errorprone\error_prone_annotations\2.1.3\error_prone_annotations-2.1.3.jar;C:\Users\richardas_ralis\.m2\repository\com\google\j2objc\j2objc-annotations\1.1\j2objc-annotations-1.1.jar;C:\Users\richardas_ralis\.m2\repository\org\codehaus\mojo\animal-sniffer-annotations\1.14\animal-sniffer-annotations-1.14.jar;C:\Users\richardas_ralis\.m2\repository\com\squareup\okhttp3\okhttp\3.11.0\okhttp-3.11.0.jar;C:\Users\richardas_ralis\.m2\repository\com\squareup\okio\okio\1.14.0\okio-1.14.0.jar;"/>
    <property name="sun.cpu.endian" value="little"/>
    <property name="user.home" value="C:\Users\richardas_ralis"/>
    <property name="user.language" value="en"/>
    <property name="java.specification.vendor" value="Oracle Corporation"/>
    <property name="java.home" value="C:\Program Files\Java\jdk1.8.0_71\jre"/>
    <property name="basedir" value="C:\GIT\RRalys\RichardasRalis"/>
    <property name="file.separator" value="\"/>
    <property name="line.separator" value="&#10;"/>
    <property name="java.vm.specification.vendor" value="Oracle Corporation"/>
    <property name="java.specification.name" value="Java Platform API Specification"/>
    <property name="java.awt.graphicsenv" value="sun.awt.Win32GraphicsEnvironment"/>
    <property name="surefire.real.class.path" value="C:\Users\RICHAR~1\AppData\Local\Temp\surefire9010585303504940120\surefirebooter4376735949585358378.jar"/>
    <property name="sun.boot.class.path" value="C:\Program Files\Java\jdk1.8.0_71\jre\lib\resources.jar;C:\Program Files\Java\jdk1.8.0_71\jre\lib\rt.jar;C:\Program Files\Java\jdk1.8.0_71\jre\lib\sunrsasign.jar;C:\Program Files\Java\jdk1.8.0_71\jre\lib\jsse.jar;C:\Program Files\Java\jdk1.8.0_71\jre\lib\jce.jar;C:\Program Files\Java\jdk1.8.0_71\jre\lib\charsets.jar;C:\Program Files\Java\jdk1.8.0_71\jre\lib\jfr.jar;C:\Program Files\Java\jdk1.8.0_71\jre\classes"/>
    <property name="user.script" value=""/>
    <property name="sun.management.compiler" value="HotSpot 64-Bit Tiered Compilers"/>
    <property name="java.runtime.version" value="1.8.0_71-b15"/>
    <property name="user.name" value="Richardas_Ralis"/>
    <property name="path.separator" value=";"/>
    <property name="os.version" value="6.3"/>
    <property name="java.endorsed.dirs" value="C:\Program Files\Java\jdk1.8.0_71\jre\lib\endorsed"/>
    <property name="java.runtime.name" value="Java(TM) SE Runtime Environment"/>
    <property name="file.encoding" value="Cp1251"/>
    <property name="java.vm.name" value="Java HotSpot(TM) 64-Bit Server VM"/>
    <property name="localRepository" value="C:\Users\richardas_ralis\.m2\repository"/>
    <property name="java.vendor.url.bug" value="http://bugreport.sun.com/bugreport/"/>
    <property name="java.io.tmpdir" value="C:\Users\RICHAR~1\AppData\Local\Temp\"/>
    <property name="java.version" value="1.8.0_71"/>
    <property name="user.dir" value="C:\GIT\RRalys\RichardasRalis"/>
    <property name="os.arch" value="amd64"/>
    <property name="java.vm.specification.name" value="Java Virtual Machine Specification"/>
    <property name="java.awt.printerjob" value="sun.awt.windows.WPrinterJob"/>
    <property name="sun.os.patch.level" value=""/>
    <property name="java.library.path" value="C:\Program Files\Java\jdk1.8.0_71\jre\bin;C:\WINDOWS\Sun\Java\bin;C:\WINDOWS\system32;C:\WINDOWS;C:\ProgramData\Oracle\Java\javapath;C:\Python27\;C:\Program Files (x86)\NVIDIA Corporation\PhysX\Common;C:\WINDOWS\system32;C:\WINDOWS;C:\WINDOWS\System32\Wbem;C:\WINDOWS\System32\WindowsPowerShell\v1.0\;C:\WINDOWS\idmu\common;C:\Program Files\TortoiseSVN\bin;C:\Ruby193\bin;C:\Python27\Lib\site-packages\;C:\Python27\Scripts\;C:\Program Files (x86)\PuTTY\;C:\Python27\;C:\Python27\Lib\site-packages\;C:\Python27\Scripts\;C:\Program Files\PuTTY\;C:\Program Files\BIOVIA\BIOVIA Draw 2017 R2\;C:\Program Files\Git\cmd;C:\Oracle\instantclient_12_1;C:\Program Files\apache-maven\apache-maven-3.6.1\bin;."/>
    <property name="java.vm.info" value="mixed mode"/>
    <property name="java.vendor" value="Oracle Corporation"/>
    <property name="java.vm.version" value="25.71-b15"/>
    <property name="java.ext.dirs" value="C:\Program Files\Java\jdk1.8.0_71\jre\lib\ext;C:\WINDOWS\Sun\Java\lib\ext"/>
    <property name="sun.io.unicode.encoding" value="UnicodeLittle"/>
    <property name="java.class.version" value="52.0"/>
  </properties>
  <testcase name="createDriver" classname="hw2.TestForExercise1" time="2.062">
    <failure message="session not created: This version of ChromeDriver only supports Chrome version 76&#10;Build info: version: &apos;3.141.59&apos;, revision: &apos;e82be7d358&apos;, time: &apos;2018-11-14T08:17:03&apos;&#10;System info: host: &apos;EPRUPETW6152&apos;, ip: &apos;192.168.56.1&apos;, os.name: &apos;Windows 8.1&apos;, os.arch: &apos;amd64&apos;, os.version: &apos;6.3&apos;, java.version: &apos;1.8.0_71&apos;&#10;Driver info: driver.version: ChromeDriver&#10;remote stacktrace: Backtrace:&#10;	Ordinal0 [0x00C57B13+1473299]&#10;	Ordinal0 [0x00BDAC61+961633]&#10;	Ordinal0 [0x00B641A3+475555]&#10;	Ordinal0 [0x00AFF365+62309]&#10;	Ordinal0 [0x00AFBC77+48247]&#10;	Ordinal0 [0x00B18FD9+167897]&#10;	Ordinal0 [0x00B18BAD+166829]&#10;	Ordinal0 [0x00B172BB+160443]&#10;	Ordinal0 [0x00B00AE6+68326]&#10;	Ordinal0 [0x00B01A80+72320]&#10;	Ordinal0 [0x00B01A19+72217]&#10;	Ordinal0 [0x00BF4A27+1067559]&#10;	GetHandleVerifier [0x00CF66F5+506677]&#10;	GetHandleVerifier [0x00CF6490+506064]&#10;	GetHandleVerifier [0x00CFD038+533624]&#10;	GetHandleVerifier [0x00CF6ECA+508682]&#10;	Ordinal0 [0x00BEC116+1032470]&#10;	Ordinal0 [0x00BEBF8F+1032079]&#10;	Ordinal0 [0x00BF693B+1075515]&#10;	Ordinal0 [0x00BF6AA3+1075875]&#10;	Ordinal0 [0x00BF5A55+1071701]&#10;	BaseThreadInitThunk [0x769E6A14+36]&#10;	RtlInitializeExceptionChain [0x7707AD8F+143]&#10;	RtlInitializeExceptionChain [0x7707AD5A+90]&#10;" type="org.openqa.selenium.SessionNotCreatedException">org.openqa.selenium.SessionNotCreatedException: 
session not created: This version of ChromeDriver only supports Chrome version 76
Build info: version: '3.141.59', revision: 'e82be7d358', time: '2018-11-14T08:17:03'
System info: host: 'EPRUPETW6152', ip: '192.168.56.1', os.name: 'Windows 8.1', os.arch: 'amd64', os.version: '6.3', java.version: '1.8.0_71'
Driver info: driver.version: ChromeDriver
remote stacktrace: Backtrace:
	Ordinal0 [0x00C57B13+1473299]
	Ordinal0 [0x00BDAC61+961633]
	Ordinal0 [0x00B641A3+475555]
	Ordinal0 [0x00AFF365+62309]
	Ordinal0 [0x00AFBC77+48247]
	Ordinal0 [0x00B18FD9+167897]
	Ordinal0 [0x00B18BAD+166829]
	Ordinal0 [0x00B172BB+160443]
	Ordinal0 [0x00B00AE6+68326]
	Ordinal0 [0x00B01A80+72320]
	Ordinal0 [0x00B01A19+72217]
	Ordinal0 [0x00BF4A27+1067559]
	GetHandleVerifier [0x00CF66F5+506677]
	GetHandleVerifier [0x00CF6490+506064]
	GetHandleVerifier [0x00CFD038+533624]
	GetHandleVerifier [0x00CF6ECA+508682]
	Ordinal0 [0x00BEC116+1032470]
	Ordinal0 [0x00BEBF8F+1032079]
	Ordinal0 [0x00BF693B+1075515]
	Ordinal0 [0x00BF6AA3+1075875]
	Ordinal0 [0x00BF5A55+1071701]
	BaseThreadInitThunk [0x769E6A14+36]
	RtlInitializeExceptionChain [0x7707AD8F+143]
	RtlInitializeExceptionChain [0x7707AD5A+90]

	at hw2.TestForExercise1.createDriver(TestForExercise1.java:17)
</failure>
    <system-err><![CDATA[Starting ChromeDriver 76.0.3809.25 (a0c95f440512e06df1c9c206f2d79cc20be18bb1-refs/branch-heads/3809@{#271}) on port 12910
Only local connections are allowed.
Please protect ports used by ChromeDriver and related test frameworks to prevent access by malicious code.
]]></system-err>
  </testcase>
  <testcase name="AddingDoubleVariablesReturnsCorrecrtResults" classname="hw1.TestAddingReturnsCorrectSum" time="0">
    <skipped/>
  </testcase>
  <testcase name="AddingLongVariablesReturnsCorrectResult" classname="hw1.TestAddingReturnsCorrectSum" time="0">
    <skipped/>
  </testcase>
  <testcase name="AddingTwoDoubleNegativesReturnsCorrectResult" classname="hw1.TestAddingReturnsCorrectSum" time="0">
    <skipped/>
  </testcase>
  <testcase name="AddingTwoLongNegativesReturnsCorrectResult" classname="hw1.TestAddingReturnsCorrectSum" time="0">
    <skipped/>
  </testcase>
  <testcase name="AddingZeroToADoubleValueDoesNotChangeTheSum" classname="hw1.TestAddingReturnsCorrectSum" time="0">
    <skipped/>
  </testcase>
  <testcase name="AddingZeroToALongValueDoesNotChangeTheSum" classname="hw1.TestAddingReturnsCorrectSum" time="0">
    <skipped/>
  </testcase>
  <testcase name="DivisionALongByZeroThrowsException" classname="hw1.TestDivisionReturnsCorrectResults" time="0">
    <skipped/>
  </testcase>
  <testcase name="DivisionOfADoubleByUnityReturnsItself" classname="hw1.TestDivisionReturnsCorrectResults" time="0">
    <skipped/>
  </testcase>
  <testcase name="DivisionOfADoubleByZeroReturnsInfitnity" classname="hw1.TestDivisionReturnsCorrectResults" time="0">
    <skipped/>
  </testcase>
  <testcase name="DivisionOfANongByUnityReturnsItself" classname="hw1.TestDivisionReturnsCorrectResults" time="0">
    <skipped/>
  </testcase>
  <testcase name="DivisionOfDoubleByDoubleReturnsCorrectResult" classname="hw1.TestDivisionReturnsCorrectResults" time="0">
    <skipped/>
  </testcase>
  <testcase name="DivisionOfLongByLongReturnsCorrectResult" classname="hw1.TestDivisionReturnsCorrectResults" time="0">
    <skipped/>
  </testcase>
  <testcase name="MultiplicationOfADoubleByZeroReturnsZero" classname="hw1.TestMultiplicationReturnsCorrectResults" time="0">
    <skipped/>
  </testcase>
  <testcase name="MultiplicationOfALongByZeroReturnsZero" classname="hw1.TestMultiplicationReturnsCorrectResults" time="0">
    <skipped/>
  </testcase>
  <testcase name="MultiplicationOfDoublesReturnsCorrectResult" classname="hw1.TestMultiplicationReturnsCorrectResults" time="0">
    <skipped/>
  </testcase>
  <testcase name="MultiplicationOfLongsReturnsCorrectResult" classname="hw1.TestMultiplicationReturnsCorrectResults" time="0">
    <skipped/>
  </testcase>
  <testcase name="SubtractingDoubleNegativeMakesAPositive" classname="hw1.TestSubtractionReturnsCorrectResults" time="0">
    <skipped/>
  </testcase>
  <testcase name="SubtractingDoubleValuesReturnsCorrectResults" classname="hw1.TestSubtractionReturnsCorrectResults" time="0">
    <skipped/>
  </testcase>
  <testcase name="SubtractingLongNegativeMakesAPositive" classname="hw1.TestSubtractionReturnsCorrectResults" time="0">
    <skipped/>
  </testcase>
  <testcase name="SubtractingZeroFromADoubleValueDoesNotChangeResult" classname="hw1.TestSubtractionReturnsCorrectResults" time="0">
    <skipped/>
  </testcase>
  <testcase name="SubtractingZeroFromALongValueDoesNotChangeResult" classname="hw1.TestSubtractionReturnsCorrectResults" time="0">
    <skipped/>
  </testcase>
  <testcase name="SubtractionLongValuesReturnsCorrectResult" classname="hw1.TestSubtractionReturnsCorrectResults" time="0">
    <skipped/>
  </testcase>
  <testcase name="TestScenario1" classname="hw2.TestForExercise1" time="0">
    <skipped/>
  </testcase>
  <testcase name="destroyDriver" classname="hw2.TestForExercise1" time="0">
    <skipped/>
  </testcase>
</testsuite>